2024-10-10 19:22:03.328  INFO 174912 --- [restartedMain] i.g.c.mscartoes.MscartoesApplication     : Starting MscartoesApplication using Java 17.0.12 on juliana-Latitude-3410 with PID 174912 (/home/juliana/workspace/mscartoes/target/classes started by juliana in /home/juliana/workspace/mscartoes)
2024-10-10 19:22:03.332  INFO 174912 --- [restartedMain] i.g.c.mscartoes.MscartoesApplication     : No active profile set, falling back to 1 default profile: "default"
2024-10-10 19:22:03.397  INFO 174912 --- [restartedMain] .e.DevToolsPropertyDefaultsPostProcessor : Devtools property defaults active! Set 'spring.devtools.add-properties' to 'false' to disable
2024-10-10 19:22:03.397  INFO 174912 --- [restartedMain] .e.DevToolsPropertyDefaultsPostProcessor : For additional web related logging consider setting the 'logging.level.web' property to 'DEBUG'
2024-10-10 19:22:04.747  INFO 174912 --- [restartedMain] .s.d.r.c.RepositoryConfigurationDelegate : Bootstrapping Spring Data JPA repositories in DEFAULT mode.
2024-10-10 19:22:04.930  INFO 174912 --- [restartedMain] .s.d.r.c.RepositoryConfigurationDelegate : Finished Spring Data repository scanning in 171 ms. Found 2 JPA repository interfaces.
2024-10-10 19:22:05.342  INFO 174912 --- [restartedMain] o.s.cloud.context.scope.GenericScope     : BeanFactory id=b36e74dc-5b1f-37ad-9786-43ed33f1092b
2024-10-10 19:22:06.087  INFO 174912 --- [restartedMain] o.s.b.w.embedded.tomcat.TomcatWebServer  : Tomcat initialized with port(s): 0 (http)
2024-10-10 19:22:06.096  INFO 174912 --- [restartedMain] o.apache.catalina.core.StandardService   : Starting service [Tomcat]
2024-10-10 19:22:06.096  INFO 174912 --- [restartedMain] org.apache.catalina.core.StandardEngine  : Starting Servlet engine: [Apache Tomcat/9.0.60]
2024-10-10 19:22:06.179  INFO 174912 --- [restartedMain] o.a.c.c.C.[Tomcat].[localhost].[/]       : Initializing Spring embedded WebApplicationContext
2024-10-10 19:22:06.180  INFO 174912 --- [restartedMain] w.s.c.ServletWebServerApplicationContext : Root WebApplicationContext: initialization completed in 2782 ms
2024-10-10 19:22:06.371  INFO 174912 --- [restartedMain] com.zaxxer.hikari.HikariDataSource       : HikariPool-1 - Starting...
2024-10-10 19:22:06.557  INFO 174912 --- [restartedMain] com.zaxxer.hikari.HikariDataSource       : HikariPool-1 - Start completed.
2024-10-10 19:22:06.569  INFO 174912 --- [restartedMain] o.s.b.a.h2.H2ConsoleAutoConfiguration    : H2 console available at '/h2-console'. Database available at 'jdbc:h2:mem:ae1f067c-bc2d-4ce8-a5d5-3f68f655a271'
2024-10-10 19:22:06.798  INFO 174912 --- [restartedMain] o.hibernate.jpa.internal.util.LogHelper  : HHH000204: Processing PersistenceUnitInfo [name: default]
2024-10-10 19:22:06.860  INFO 174912 --- [restartedMain] org.hibernate.Version                    : HHH000412: Hibernate ORM core version 5.6.7.Final
2024-10-10 19:22:07.026  INFO 174912 --- [restartedMain] o.hibernate.annotations.common.Version   : HCANN000001: Hibernate Commons Annotations {5.1.2.Final}
2024-10-10 19:22:07.168  INFO 174912 --- [restartedMain] org.hibernate.dialect.Dialect            : HHH000400: Using dialect: org.hibernate.dialect.H2Dialect
2024-10-10 19:22:07.840  INFO 174912 --- [restartedMain] o.h.e.t.j.p.i.JtaPlatformInitiator       : HHH000490: Using JtaPlatform implementation: [org.hibernate.engine.transaction.jta.platform.internal.NoJtaPlatform]
2024-10-10 19:22:07.849  INFO 174912 --- [restartedMain] j.LocalContainerEntityManagerFactoryBean : Initialized JPA EntityManagerFactory for persistence unit 'default'
2024-10-10 19:22:08.560  WARN 174912 --- [restartedMain] JpaBaseConfiguration$JpaWebConfiguration : spring.jpa.open-in-view is enabled by default. Therefore, database queries may be performed during view rendering. Explicitly configure spring.jpa.open-in-view to disable this warning
2024-10-10 19:22:10.451  INFO 174912 --- [restartedMain] o.s.b.d.a.OptionalLiveReloadServer       : LiveReload server is running on port 35729
2024-10-10 19:22:10.487  INFO 174912 --- [restartedMain] DiscoveryClientOptionalArgsConfiguration : Eureka HTTP Client uses RestTemplate.
2024-10-10 19:22:10.602  WARN 174912 --- [restartedMain] iguration$LoadBalancerCaffeineWarnLogger : Spring Cloud LoadBalancer is currently working with the default cache. While this cache implementation is useful for development and tests, it's recommended to use Caffeine cache in production.You can switch to using Caffeine cache, by adding it and org.springframework.cache.caffeine.CaffeineCacheManager to the classpath.
2024-10-10 19:22:10.611  INFO 174912 --- [restartedMain] o.s.b.a.e.web.EndpointLinksResolver      : Exposing 17 endpoint(s) beneath base path '/actuator'
2024-10-10 19:22:10.725  INFO 174912 --- [restartedMain] o.s.b.w.embedded.tomcat.TomcatWebServer  : Tomcat started on port(s): 33567 (http) with context path ''
2024-10-10 19:22:10.727  INFO 174912 --- [restartedMain] .s.c.n.e.s.EurekaAutoServiceRegistration : Updating port to 33567
2024-10-10 19:22:10.732  INFO 174912 --- [restartedMain] o.s.c.n.eureka.InstanceInfoFactory       : Setting initial instance status as: STARTING
2024-10-10 19:22:10.822  INFO 174912 --- [restartedMain] com.netflix.discovery.DiscoveryClient    : Initializing Eureka in region us-east-1
2024-10-10 19:22:10.829  INFO 174912 --- [restartedMain] c.n.d.s.r.aws.ConfigClusterResolver      : Resolving eureka endpoints via configuration
2024-10-10 19:22:10.855  INFO 174912 --- [restartedMain] com.netflix.discovery.DiscoveryClient    : Disable delta property : false
2024-10-10 19:22:10.855  INFO 174912 --- [restartedMain] com.netflix.discovery.DiscoveryClient    : Single vip registry refresh property : null
2024-10-10 19:22:10.855  INFO 174912 --- [restartedMain] com.netflix.discovery.DiscoveryClient    : Force full registry fetch : false
2024-10-10 19:22:10.855  INFO 174912 --- [restartedMain] com.netflix.discovery.DiscoveryClient    : Application is null : false
2024-10-10 19:22:10.856  INFO 174912 --- [restartedMain] com.netflix.discovery.DiscoveryClient    : Registered Applications size is zero : true
2024-10-10 19:22:10.856  INFO 174912 --- [restartedMain] com.netflix.discovery.DiscoveryClient    : Application version is -1: true
2024-10-10 19:22:10.856  INFO 174912 --- [restartedMain] com.netflix.discovery.DiscoveryClient    : Getting all instance registry info from the eureka server
2024-10-10 19:22:11.246  INFO 174912 --- [restartedMain] com.netflix.discovery.DiscoveryClient    : The response status is 200
2024-10-10 19:22:11.249  INFO 174912 --- [restartedMain] com.netflix.discovery.DiscoveryClient    : Starting heartbeat executor: renew interval is: 30
2024-10-10 19:22:11.251  INFO 174912 --- [restartedMain] c.n.discovery.InstanceInfoReplicator     : InstanceInfoReplicator onDemand update allowed rate per min is 4
2024-10-10 19:22:11.257  INFO 174912 --- [restartedMain] com.netflix.discovery.DiscoveryClient    : Discovery Client initialized at timestamp 1728598931256 with initial instances count: 6
2024-10-10 19:22:11.261  INFO 174912 --- [restartedMain] o.s.c.n.e.s.EurekaServiceRegistry        : Registering application MSCARTOES with eureka with status UP
2024-10-10 19:22:11.262  INFO 174912 --- [restartedMain] com.netflix.discovery.DiscoveryClient    : Saw local status change event StatusChangeEvent [timestamp=1728598931262, current=UP, previous=STARTING]
2024-10-10 19:22:11.264  INFO 174912 --- [DiscoveryClient-InstanceInfoReplicator-0] com.netflix.discovery.DiscoveryClient    : DiscoveryClient_MSCARTOES/mscartoes:9095d639477f3c1789b147d4962286d8: registering service...
2024-10-10 19:22:11.284  INFO 174912 --- [restartedMain] o.s.a.r.c.CachingConnectionFactory       : Attempting to connect to: [localhost:5672]
2024-10-10 19:22:11.340  INFO 174912 --- [restartedMain] o.s.a.r.c.CachingConnectionFactory       : Created new connection: rabbitConnectionFactory#2bb494cb:0/SimpleConnection@39a59c20 [delegate=amqp://guest@127.0.0.1:5672/, localPort= 35024]
2024-10-10 19:22:11.382  INFO 174912 --- [DiscoveryClient-InstanceInfoReplicator-0] com.netflix.discovery.DiscoveryClient    : DiscoveryClient_MSCARTOES/mscartoes:9095d639477f3c1789b147d4962286d8 - registration status: 204
2024-10-10 19:22:11.407  INFO 174912 --- [restartedMain] i.g.c.mscartoes.MscartoesApplication     : Started MscartoesApplication in 8.672 seconds (JVM running for 9.498)
2024-10-10 19:23:24.296  INFO 174912 --- [SpringApplicationShutdownHook] o.s.c.n.e.s.EurekaServiceRegistry        : Unregistering application MSCARTOES with eureka with status DOWN
2024-10-10 19:23:24.296  INFO 174912 --- [SpringApplicationShutdownHook] com.netflix.discovery.DiscoveryClient    : Saw local status change event StatusChangeEvent [timestamp=1728599004296, current=DOWN, previous=UP]
2024-10-10 19:23:24.296  INFO 174912 --- [DiscoveryClient-InstanceInfoReplicator-0] com.netflix.discovery.DiscoveryClient    : DiscoveryClient_MSCARTOES/mscartoes:9095d639477f3c1789b147d4962286d8: registering service...
2024-10-10 19:23:24.300  INFO 174912 --- [SpringApplicationShutdownHook] o.s.a.r.l.SimpleMessageListenerContainer : Waiting for workers to finish.
2024-10-10 19:23:24.301  INFO 174912 --- [DiscoveryClient-InstanceInfoReplicator-0] com.netflix.discovery.DiscoveryClient    : DiscoveryClient_MSCARTOES/mscartoes:9095d639477f3c1789b147d4962286d8 - registration status: 204
2024-10-10 19:23:24.395  INFO 174912 --- [SpringApplicationShutdownHook] o.s.a.r.l.SimpleMessageListenerContainer : Successfully waited for workers to finish.
2024-10-10 19:23:24.414  INFO 174912 --- [SpringApplicationShutdownHook] j.LocalContainerEntityManagerFactoryBean : Closing JPA EntityManagerFactory for persistence unit 'default'
2024-10-10 19:23:24.415  INFO 174912 --- [SpringApplicationShutdownHook] .SchemaDropperImpl$DelayedDropActionImpl : HHH000477: Starting delayed evictData of schema as part of SessionFactory shut-down'
2024-10-10 19:23:24.629  WARN 174912 --- [SpringApplicationShutdownHook] o.s.b.f.support.DisposableBeanAdapter    : Invocation of destroy method failed on bean with name 'inMemoryDatabaseShutdownExecutor': org.h2.jdbc.JdbcSQLNonTransientConnectionException: Database is already closed (to disable automatic closing at VM shutdown, add ";DB_CLOSE_ON_EXIT=FALSE" to the db URL) [90121-200]
2024-10-10 19:23:24.630  INFO 174912 --- [SpringApplicationShutdownHook] com.zaxxer.hikari.HikariDataSource       : HikariPool-1 - Shutdown initiated...
2024-10-10 19:23:24.632  INFO 174912 --- [SpringApplicationShutdownHook] com.zaxxer.hikari.HikariDataSource       : HikariPool-1 - Shutdown completed.
2024-10-10 19:23:24.633  INFO 174912 --- [SpringApplicationShutdownHook] com.netflix.discovery.DiscoveryClient    : Shutting down DiscoveryClient ...
2024-10-10 19:23:27.635  INFO 174912 --- [SpringApplicationShutdownHook] com.netflix.discovery.DiscoveryClient    : Unregistering ...
2024-10-10 19:23:27.639  INFO 174912 --- [SpringApplicationShutdownHook] com.netflix.discovery.DiscoveryClient    : DiscoveryClient_MSCARTOES/mscartoes:9095d639477f3c1789b147d4962286d8 - deregister  status: 200
2024-10-10 19:23:27.645  INFO 174912 --- [SpringApplicationShutdownHook] com.netflix.discovery.DiscoveryClient    : Completed shut down of DiscoveryClient
2024-10-10 19:25:35.919  INFO 175876 --- [restartedMain] i.g.c.mscartoes.MscartoesApplication     : Starting MscartoesApplication using Java 17.0.12 on juliana-Latitude-3410 with PID 175876 (/home/juliana/workspace/mscartoes/target/classes started by juliana in /home/juliana/workspace/mscartoes)
2024-10-10 19:25:35.920  INFO 175876 --- [restartedMain] i.g.c.mscartoes.MscartoesApplication     : The following 1 profile is active: "local"
2024-10-10 19:25:35.969  INFO 175876 --- [restartedMain] .e.DevToolsPropertyDefaultsPostProcessor : Devtools property defaults active! Set 'spring.devtools.add-properties' to 'false' to disable
2024-10-10 19:25:35.969  INFO 175876 --- [restartedMain] .e.DevToolsPropertyDefaultsPostProcessor : For additional web related logging consider setting the 'logging.level.web' property to 'DEBUG'
2024-10-10 19:25:37.240  INFO 175876 --- [restartedMain] .s.d.r.c.RepositoryConfigurationDelegate : Bootstrapping Spring Data JPA repositories in DEFAULT mode.
2024-10-10 19:25:37.376  INFO 175876 --- [restartedMain] .s.d.r.c.RepositoryConfigurationDelegate : Finished Spring Data repository scanning in 128 ms. Found 2 JPA repository interfaces.
2024-10-10 19:25:37.711  INFO 175876 --- [restartedMain] o.s.cloud.context.scope.GenericScope     : BeanFactory id=b36e74dc-5b1f-37ad-9786-43ed33f1092b
2024-10-10 19:25:38.495  INFO 175876 --- [restartedMain] o.s.b.w.embedded.tomcat.TomcatWebServer  : Tomcat initialized with port(s): 0 (http)
2024-10-10 19:25:38.506  INFO 175876 --- [restartedMain] o.apache.catalina.core.StandardService   : Starting service [Tomcat]
2024-10-10 19:25:38.506  INFO 175876 --- [restartedMain] org.apache.catalina.core.StandardEngine  : Starting Servlet engine: [Apache Tomcat/9.0.60]
2024-10-10 19:25:38.577  INFO 175876 --- [restartedMain] o.a.c.c.C.[Tomcat].[localhost].[/]       : Initializing Spring embedded WebApplicationContext
2024-10-10 19:25:38.578  INFO 175876 --- [restartedMain] w.s.c.ServletWebServerApplicationContext : Root WebApplicationContext: initialization completed in 2608 ms
2024-10-10 19:25:38.753  INFO 175876 --- [restartedMain] com.zaxxer.hikari.HikariDataSource       : HikariPool-1 - Starting...
2024-10-10 19:25:38.945  INFO 175876 --- [restartedMain] com.zaxxer.hikari.HikariDataSource       : HikariPool-1 - Start completed.
2024-10-10 19:25:38.961  INFO 175876 --- [restartedMain] o.s.b.a.h2.H2ConsoleAutoConfiguration    : H2 console available at '/h2-console'. Database available at 'jdbc:h2:mem:843d3f65-2034-4251-9266-5d9bb4b98702'
2024-10-10 19:25:39.200  INFO 175876 --- [restartedMain] o.hibernate.jpa.internal.util.LogHelper  : HHH000204: Processing PersistenceUnitInfo [name: default]
2024-10-10 19:25:39.252  INFO 175876 --- [restartedMain] org.hibernate.Version                    : HHH000412: Hibernate ORM core version 5.6.7.Final
2024-10-10 19:25:39.420  INFO 175876 --- [restartedMain] o.hibernate.annotations.common.Version   : HCANN000001: Hibernate Commons Annotations {5.1.2.Final}
2024-10-10 19:25:39.517  INFO 175876 --- [restartedMain] org.hibernate.dialect.Dialect            : HHH000400: Using dialect: org.hibernate.dialect.H2Dialect
2024-10-10 19:25:40.207  INFO 175876 --- [restartedMain] o.h.e.t.j.p.i.JtaPlatformInitiator       : HHH000490: Using JtaPlatform implementation: [org.hibernate.engine.transaction.jta.platform.internal.NoJtaPlatform]
2024-10-10 19:25:40.213  INFO 175876 --- [restartedMain] j.LocalContainerEntityManagerFactoryBean : Initialized JPA EntityManagerFactory for persistence unit 'default'
2024-10-10 19:25:40.709  WARN 175876 --- [restartedMain] JpaBaseConfiguration$JpaWebConfiguration : spring.jpa.open-in-view is enabled by default. Therefore, database queries may be performed during view rendering. Explicitly configure spring.jpa.open-in-view to disable this warning
2024-10-10 19:25:42.301  INFO 175876 --- [restartedMain] o.s.b.d.a.OptionalLiveReloadServer       : LiveReload server is running on port 35729
2024-10-10 19:25:42.337  INFO 175876 --- [restartedMain] DiscoveryClientOptionalArgsConfiguration : Eureka HTTP Client uses RestTemplate.
2024-10-10 19:25:42.441  WARN 175876 --- [restartedMain] iguration$LoadBalancerCaffeineWarnLogger : Spring Cloud LoadBalancer is currently working with the default cache. While this cache implementation is useful for development and tests, it's recommended to use Caffeine cache in production.You can switch to using Caffeine cache, by adding it and org.springframework.cache.caffeine.CaffeineCacheManager to the classpath.
2024-10-10 19:25:42.449  INFO 175876 --- [restartedMain] o.s.b.a.e.web.EndpointLinksResolver      : Exposing 17 endpoint(s) beneath base path '/actuator'
2024-10-10 19:25:42.560  INFO 175876 --- [restartedMain] o.s.b.w.embedded.tomcat.TomcatWebServer  : Tomcat started on port(s): 40755 (http) with context path ''
2024-10-10 19:25:42.562  INFO 175876 --- [restartedMain] .s.c.n.e.s.EurekaAutoServiceRegistration : Updating port to 40755
2024-10-10 19:25:42.566  INFO 175876 --- [restartedMain] o.s.c.n.eureka.InstanceInfoFactory       : Setting initial instance status as: STARTING
2024-10-10 19:25:42.638  INFO 175876 --- [restartedMain] com.netflix.discovery.DiscoveryClient    : Initializing Eureka in region us-east-1
2024-10-10 19:25:42.643  INFO 175876 --- [restartedMain] c.n.d.s.r.aws.ConfigClusterResolver      : Resolving eureka endpoints via configuration
2024-10-10 19:25:42.668  INFO 175876 --- [restartedMain] com.netflix.discovery.DiscoveryClient    : Disable delta property : false
2024-10-10 19:25:42.668  INFO 175876 --- [restartedMain] com.netflix.discovery.DiscoveryClient    : Single vip registry refresh property : null
2024-10-10 19:25:42.668  INFO 175876 --- [restartedMain] com.netflix.discovery.DiscoveryClient    : Force full registry fetch : false
2024-10-10 19:25:42.668  INFO 175876 --- [restartedMain] com.netflix.discovery.DiscoveryClient    : Application is null : false
2024-10-10 19:25:42.668  INFO 175876 --- [restartedMain] com.netflix.discovery.DiscoveryClient    : Registered Applications size is zero : true
2024-10-10 19:25:42.668  INFO 175876 --- [restartedMain] com.netflix.discovery.DiscoveryClient    : Application version is -1: true
2024-10-10 19:25:42.668  INFO 175876 --- [restartedMain] com.netflix.discovery.DiscoveryClient    : Getting all instance registry info from the eureka server
2024-10-10 19:25:43.035  INFO 175876 --- [restartedMain] com.netflix.discovery.DiscoveryClient    : The response status is 200
2024-10-10 19:25:43.038  INFO 175876 --- [restartedMain] com.netflix.discovery.DiscoveryClient    : Starting heartbeat executor: renew interval is: 30
2024-10-10 19:25:43.042  INFO 175876 --- [restartedMain] c.n.discovery.InstanceInfoReplicator     : InstanceInfoReplicator onDemand update allowed rate per min is 4
2024-10-10 19:25:43.046  INFO 175876 --- [restartedMain] com.netflix.discovery.DiscoveryClient    : Discovery Client initialized at timestamp 1728599143046 with initial instances count: 6
2024-10-10 19:25:43.049  INFO 175876 --- [restartedMain] o.s.c.n.e.s.EurekaServiceRegistry        : Registering application MSCARTOES with eureka with status UP
2024-10-10 19:25:43.050  INFO 175876 --- [restartedMain] com.netflix.discovery.DiscoveryClient    : Saw local status change event StatusChangeEvent [timestamp=1728599143049, current=UP, previous=STARTING]
2024-10-10 19:25:43.051  INFO 175876 --- [DiscoveryClient-InstanceInfoReplicator-0] com.netflix.discovery.DiscoveryClient    : DiscoveryClient_MSCARTOES/mscartoes:44343c008486b0905e1191036df7dd1b: registering service...
2024-10-10 19:25:43.084  INFO 175876 --- [restartedMain] o.s.a.r.c.CachingConnectionFactory       : Attempting to connect to: [localhost:5672]
2024-10-10 19:25:43.134  INFO 175876 --- [restartedMain] o.s.a.r.c.CachingConnectionFactory       : Created new connection: rabbitConnectionFactory#52ff5565:0/SimpleConnection@7a3a9012 [delegate=amqp://guest@127.0.0.1:5672/, localPort= 57118]
2024-10-10 19:25:43.166  INFO 175876 --- [DiscoveryClient-InstanceInfoReplicator-0] com.netflix.discovery.DiscoveryClient    : DiscoveryClient_MSCARTOES/mscartoes:44343c008486b0905e1191036df7dd1b - registration status: 204
2024-10-10 19:25:43.204  INFO 175876 --- [restartedMain] i.g.c.mscartoes.MscartoesApplication     : Started MscartoesApplication in 7.945 seconds (JVM running for 8.573)
2024-10-10 19:29:50.561  INFO 175876 --- [SpringApplicationShutdownHook] o.s.c.n.e.s.EurekaServiceRegistry        : Unregistering application MSCARTOES with eureka with status DOWN
2024-10-10 19:29:50.562  INFO 175876 --- [SpringApplicationShutdownHook] com.netflix.discovery.DiscoveryClient    : Saw local status change event StatusChangeEvent [timestamp=1728599390562, current=DOWN, previous=UP]
2024-10-10 19:29:50.562  INFO 175876 --- [DiscoveryClient-InstanceInfoReplicator-0] com.netflix.discovery.DiscoveryClient    : DiscoveryClient_MSCARTOES/mscartoes:44343c008486b0905e1191036df7dd1b: registering service...
2024-10-10 19:29:50.566  INFO 175876 --- [DiscoveryClient-InstanceInfoReplicator-0] com.netflix.discovery.DiscoveryClient    : DiscoveryClient_MSCARTOES/mscartoes:44343c008486b0905e1191036df7dd1b - registration status: 204
2024-10-10 19:29:50.568  INFO 175876 --- [SpringApplicationShutdownHook] o.s.a.r.l.SimpleMessageListenerContainer : Waiting for workers to finish.
2024-10-10 19:29:51.220  INFO 175876 --- [SpringApplicationShutdownHook] o.s.a.r.l.SimpleMessageListenerContainer : Successfully waited for workers to finish.
2024-10-10 19:29:51.240  INFO 175876 --- [SpringApplicationShutdownHook] j.LocalContainerEntityManagerFactoryBean : Closing JPA EntityManagerFactory for persistence unit 'default'
2024-10-10 19:29:51.240  INFO 175876 --- [SpringApplicationShutdownHook] .SchemaDropperImpl$DelayedDropActionImpl : HHH000477: Starting delayed evictData of schema as part of SessionFactory shut-down'
2024-10-10 19:29:51.450  WARN 175876 --- [SpringApplicationShutdownHook] o.s.b.f.support.DisposableBeanAdapter    : Invocation of destroy method failed on bean with name 'inMemoryDatabaseShutdownExecutor': org.h2.jdbc.JdbcSQLNonTransientConnectionException: Database is already closed (to disable automatic closing at VM shutdown, add ";DB_CLOSE_ON_EXIT=FALSE" to the db URL) [90121-200]
2024-10-10 19:29:51.451  INFO 175876 --- [SpringApplicationShutdownHook] com.zaxxer.hikari.HikariDataSource       : HikariPool-1 - Shutdown initiated...
2024-10-10 19:29:51.452  INFO 175876 --- [SpringApplicationShutdownHook] com.zaxxer.hikari.HikariDataSource       : HikariPool-1 - Shutdown completed.
2024-10-10 19:29:51.454  INFO 175876 --- [SpringApplicationShutdownHook] com.netflix.discovery.DiscoveryClient    : Shutting down DiscoveryClient ...
2024-10-10 19:29:54.456  INFO 175876 --- [SpringApplicationShutdownHook] com.netflix.discovery.DiscoveryClient    : Unregistering ...
2024-10-10 19:29:54.460  INFO 175876 --- [SpringApplicationShutdownHook] com.netflix.discovery.DiscoveryClient    : DiscoveryClient_MSCARTOES/mscartoes:44343c008486b0905e1191036df7dd1b - deregister  status: 200
2024-10-10 19:29:54.464  INFO 175876 --- [SpringApplicationShutdownHook] com.netflix.discovery.DiscoveryClient    : Completed shut down of DiscoveryClient
2024-10-10 19:29:59.296  INFO 176924 --- [restartedMain] i.g.c.mscartoes.MscartoesApplication     : Starting MscartoesApplication using Java 17.0.12 on juliana-Latitude-3410 with PID 176924 (/home/juliana/workspace/mscartoes/target/classes started by juliana in /home/juliana/workspace/mscartoes)
2024-10-10 19:29:59.298  INFO 176924 --- [restartedMain] i.g.c.mscartoes.MscartoesApplication     : No active profile set, falling back to 1 default profile: "default"
2024-10-10 19:29:59.364  INFO 176924 --- [restartedMain] .e.DevToolsPropertyDefaultsPostProcessor : Devtools property defaults active! Set 'spring.devtools.add-properties' to 'false' to disable
2024-10-10 19:29:59.364  INFO 176924 --- [restartedMain] .e.DevToolsPropertyDefaultsPostProcessor : For additional web related logging consider setting the 'logging.level.web' property to 'DEBUG'
2024-10-10 19:30:00.536  INFO 176924 --- [restartedMain] .s.d.r.c.RepositoryConfigurationDelegate : Bootstrapping Spring Data JPA repositories in DEFAULT mode.
2024-10-10 19:30:00.659  INFO 176924 --- [restartedMain] .s.d.r.c.RepositoryConfigurationDelegate : Finished Spring Data repository scanning in 113 ms. Found 2 JPA repository interfaces.
2024-10-10 19:30:00.976  INFO 176924 --- [restartedMain] o.s.cloud.context.scope.GenericScope     : BeanFactory id=b36e74dc-5b1f-37ad-9786-43ed33f1092b
2024-10-10 19:30:01.699  INFO 176924 --- [restartedMain] o.s.b.w.embedded.tomcat.TomcatWebServer  : Tomcat initialized with port(s): 0 (http)
2024-10-10 19:30:01.716  INFO 176924 --- [restartedMain] o.apache.catalina.core.StandardService   : Starting service [Tomcat]
2024-10-10 19:30:01.717  INFO 176924 --- [restartedMain] org.apache.catalina.core.StandardEngine  : Starting Servlet engine: [Apache Tomcat/9.0.60]
2024-10-10 19:30:01.824  INFO 176924 --- [restartedMain] o.a.c.c.C.[Tomcat].[localhost].[/]       : Initializing Spring embedded WebApplicationContext
2024-10-10 19:30:01.825  INFO 176924 --- [restartedMain] w.s.c.ServletWebServerApplicationContext : Root WebApplicationContext: initialization completed in 2460 ms
2024-10-10 19:30:02.024  INFO 176924 --- [restartedMain] com.zaxxer.hikari.HikariDataSource       : HikariPool-1 - Starting...
2024-10-10 19:30:02.209  INFO 176924 --- [restartedMain] com.zaxxer.hikari.HikariDataSource       : HikariPool-1 - Start completed.
2024-10-10 19:30:02.220  INFO 176924 --- [restartedMain] o.s.b.a.h2.H2ConsoleAutoConfiguration    : H2 console available at '/h2-console'. Database available at 'jdbc:h2:mem:5000ce0c-d220-482c-90b4-014e87e74ab5'
2024-10-10 19:30:02.433  INFO 176924 --- [restartedMain] o.hibernate.jpa.internal.util.LogHelper  : HHH000204: Processing PersistenceUnitInfo [name: default]
2024-10-10 19:30:02.478  INFO 176924 --- [restartedMain] org.hibernate.Version                    : HHH000412: Hibernate ORM core version 5.6.7.Final
2024-10-10 19:30:02.619  INFO 176924 --- [restartedMain] o.hibernate.annotations.common.Version   : HCANN000001: Hibernate Commons Annotations {5.1.2.Final}
2024-10-10 19:30:02.767  INFO 176924 --- [restartedMain] org.hibernate.dialect.Dialect            : HHH000400: Using dialect: org.hibernate.dialect.H2Dialect
2024-10-10 19:30:03.297  INFO 176924 --- [restartedMain] o.h.e.t.j.p.i.JtaPlatformInitiator       : HHH000490: Using JtaPlatform implementation: [org.hibernate.engine.transaction.jta.platform.internal.NoJtaPlatform]
2024-10-10 19:30:03.305  INFO 176924 --- [restartedMain] j.LocalContainerEntityManagerFactoryBean : Initialized JPA EntityManagerFactory for persistence unit 'default'
2024-10-10 19:30:03.826  WARN 176924 --- [restartedMain] JpaBaseConfiguration$JpaWebConfiguration : spring.jpa.open-in-view is enabled by default. Therefore, database queries may be performed during view rendering. Explicitly configure spring.jpa.open-in-view to disable this warning
2024-10-10 19:30:05.573  INFO 176924 --- [restartedMain] o.s.b.d.a.OptionalLiveReloadServer       : LiveReload server is running on port 35729
2024-10-10 19:30:05.602  INFO 176924 --- [restartedMain] DiscoveryClientOptionalArgsConfiguration : Eureka HTTP Client uses RestTemplate.
2024-10-10 19:30:05.691  WARN 176924 --- [restartedMain] iguration$LoadBalancerCaffeineWarnLogger : Spring Cloud LoadBalancer is currently working with the default cache. While this cache implementation is useful for development and tests, it's recommended to use Caffeine cache in production.You can switch to using Caffeine cache, by adding it and org.springframework.cache.caffeine.CaffeineCacheManager to the classpath.
2024-10-10 19:30:05.698  INFO 176924 --- [restartedMain] o.s.b.a.e.web.EndpointLinksResolver      : Exposing 17 endpoint(s) beneath base path '/actuator'
2024-10-10 19:30:05.791  INFO 176924 --- [restartedMain] o.s.b.w.embedded.tomcat.TomcatWebServer  : Tomcat started on port(s): 42807 (http) with context path ''
2024-10-10 19:30:05.793  INFO 176924 --- [restartedMain] .s.c.n.e.s.EurekaAutoServiceRegistration : Updating port to 42807
2024-10-10 19:30:05.798  INFO 176924 --- [restartedMain] o.s.c.n.eureka.InstanceInfoFactory       : Setting initial instance status as: STARTING
2024-10-10 19:30:05.883  INFO 176924 --- [restartedMain] com.netflix.discovery.DiscoveryClient    : Initializing Eureka in region us-east-1
2024-10-10 19:30:05.888  INFO 176924 --- [restartedMain] c.n.d.s.r.aws.ConfigClusterResolver      : Resolving eureka endpoints via configuration
2024-10-10 19:30:05.911  INFO 176924 --- [restartedMain] com.netflix.discovery.DiscoveryClient    : Disable delta property : false
2024-10-10 19:30:05.912  INFO 176924 --- [restartedMain] com.netflix.discovery.DiscoveryClient    : Single vip registry refresh property : null
2024-10-10 19:30:05.912  INFO 176924 --- [restartedMain] com.netflix.discovery.DiscoveryClient    : Force full registry fetch : false
2024-10-10 19:30:05.912  INFO 176924 --- [restartedMain] com.netflix.discovery.DiscoveryClient    : Application is null : false
2024-10-10 19:30:05.912  INFO 176924 --- [restartedMain] com.netflix.discovery.DiscoveryClient    : Registered Applications size is zero : true
2024-10-10 19:30:05.912  INFO 176924 --- [restartedMain] com.netflix.discovery.DiscoveryClient    : Application version is -1: true
2024-10-10 19:30:05.912  INFO 176924 --- [restartedMain] com.netflix.discovery.DiscoveryClient    : Getting all instance registry info from the eureka server
2024-10-10 19:30:06.296  INFO 176924 --- [restartedMain] com.netflix.discovery.DiscoveryClient    : The response status is 200
2024-10-10 19:30:06.299  INFO 176924 --- [restartedMain] com.netflix.discovery.DiscoveryClient    : Starting heartbeat executor: renew interval is: 30
2024-10-10 19:30:06.303  INFO 176924 --- [restartedMain] c.n.discovery.InstanceInfoReplicator     : InstanceInfoReplicator onDemand update allowed rate per min is 4
2024-10-10 19:30:06.309  INFO 176924 --- [restartedMain] com.netflix.discovery.DiscoveryClient    : Discovery Client initialized at timestamp 1728599406308 with initial instances count: 6
2024-10-10 19:30:06.312  INFO 176924 --- [restartedMain] o.s.c.n.e.s.EurekaServiceRegistry        : Registering application MSCARTOES with eureka with status UP
2024-10-10 19:30:06.313  INFO 176924 --- [restartedMain] com.netflix.discovery.DiscoveryClient    : Saw local status change event StatusChangeEvent [timestamp=1728599406313, current=UP, previous=STARTING]
2024-10-10 19:30:06.315  INFO 176924 --- [DiscoveryClient-InstanceInfoReplicator-0] com.netflix.discovery.DiscoveryClient    : DiscoveryClient_MSCARTOES/mscartoes:45f2a0ba4a40e47ad833f62364e66ae9: registering service...
2024-10-10 19:30:06.334  INFO 176924 --- [restartedMain] o.s.a.r.c.CachingConnectionFactory       : Attempting to connect to: [localhost:5672]
2024-10-10 19:30:06.384  INFO 176924 --- [restartedMain] o.s.a.r.c.CachingConnectionFactory       : Created new connection: rabbitConnectionFactory#818c689:0/SimpleConnection@4b8145c2 [delegate=amqp://guest@127.0.0.1:5672/, localPort= 47894]
2024-10-10 19:30:06.439  INFO 176924 --- [DiscoveryClient-InstanceInfoReplicator-0] com.netflix.discovery.DiscoveryClient    : DiscoveryClient_MSCARTOES/mscartoes:45f2a0ba4a40e47ad833f62364e66ae9 - registration status: 204
2024-10-10 19:30:06.459  INFO 176924 --- [restartedMain] i.g.c.mscartoes.MscartoesApplication     : Started MscartoesApplication in 7.732 seconds (JVM running for 8.494)
2024-10-10 19:30:28.834  INFO 176924 --- [http-nio-auto-1-exec-1] o.a.c.c.C.[Tomcat].[localhost].[/]       : Initializing Spring DispatcherServlet 'dispatcherServlet'
2024-10-10 19:30:28.835  INFO 176924 --- [http-nio-auto-1-exec-1] o.s.web.servlet.DispatcherServlet        : Initializing Servlet 'dispatcherServlet'
2024-10-10 19:30:28.836  INFO 176924 --- [http-nio-auto-1-exec-1] o.s.web.servlet.DispatcherServlet        : Completed initialization in 1 ms
2024-10-10 19:35:05.914  INFO 176924 --- [AsyncResolver-bootstrap-executor-0] c.n.d.s.r.aws.ConfigClusterResolver      : Resolving eureka endpoints via configuration
2024-10-10 19:35:54.009  INFO 176924 --- [SpringApplicationShutdownHook] o.s.c.n.e.s.EurekaServiceRegistry        : Unregistering application MSCARTOES with eureka with status DOWN
2024-10-10 19:35:54.010  INFO 176924 --- [SpringApplicationShutdownHook] com.netflix.discovery.DiscoveryClient    : Saw local status change event StatusChangeEvent [timestamp=1728599754010, current=DOWN, previous=UP]
2024-10-10 19:35:54.010  INFO 176924 --- [DiscoveryClient-InstanceInfoReplicator-0] com.netflix.discovery.DiscoveryClient    : DiscoveryClient_MSCARTOES/mscartoes:45f2a0ba4a40e47ad833f62364e66ae9: registering service...
2024-10-10 19:35:54.016  INFO 176924 --- [DiscoveryClient-InstanceInfoReplicator-0] com.netflix.discovery.DiscoveryClient    : DiscoveryClient_MSCARTOES/mscartoes:45f2a0ba4a40e47ad833f62364e66ae9 - registration status: 204
2024-10-10 19:35:54.017  INFO 176924 --- [SpringApplicationShutdownHook] o.s.a.r.l.SimpleMessageListenerContainer : Waiting for workers to finish.
2024-10-10 19:35:54.487  INFO 176924 --- [SpringApplicationShutdownHook] o.s.a.r.l.SimpleMessageListenerContainer : Successfully waited for workers to finish.
2024-10-10 19:35:54.503  INFO 176924 --- [SpringApplicationShutdownHook] j.LocalContainerEntityManagerFactoryBean : Closing JPA EntityManagerFactory for persistence unit 'default'
2024-10-10 19:35:54.503  INFO 176924 --- [SpringApplicationShutdownHook] .SchemaDropperImpl$DelayedDropActionImpl : HHH000477: Starting delayed evictData of schema as part of SessionFactory shut-down'
2024-10-10 19:35:54.717  WARN 176924 --- [SpringApplicationShutdownHook] o.s.b.f.support.DisposableBeanAdapter    : Invocation of destroy method failed on bean with name 'inMemoryDatabaseShutdownExecutor': org.h2.jdbc.JdbcSQLNonTransientConnectionException: Database is already closed (to disable automatic closing at VM shutdown, add ";DB_CLOSE_ON_EXIT=FALSE" to the db URL) [90121-200]
2024-10-10 19:35:54.718  INFO 176924 --- [SpringApplicationShutdownHook] com.zaxxer.hikari.HikariDataSource       : HikariPool-1 - Shutdown initiated...
2024-10-10 19:35:54.720  INFO 176924 --- [SpringApplicationShutdownHook] com.zaxxer.hikari.HikariDataSource       : HikariPool-1 - Shutdown completed.
2024-10-10 19:35:54.721  INFO 176924 --- [SpringApplicationShutdownHook] com.netflix.discovery.DiscoveryClient    : Shutting down DiscoveryClient ...
2024-10-10 19:35:57.724  INFO 176924 --- [SpringApplicationShutdownHook] com.netflix.discovery.DiscoveryClient    : Unregistering ...
2024-10-10 19:35:57.733  INFO 176924 --- [SpringApplicationShutdownHook] com.netflix.discovery.DiscoveryClient    : DiscoveryClient_MSCARTOES/mscartoes:45f2a0ba4a40e47ad833f62364e66ae9 - deregister  status: 200
2024-10-10 19:35:57.751  INFO 176924 --- [SpringApplicationShutdownHook] com.netflix.discovery.DiscoveryClient    : Completed shut down of DiscoveryClient
2024-10-10 19:41:27.372  INFO 178626 --- [restartedMain] i.g.c.mscartoes.MscartoesApplication     : Starting MscartoesApplication using Java 17.0.12 on juliana-Latitude-3410 with PID 178626 (/home/juliana/workspace/mscartoes/target/classes started by juliana in /home/juliana/workspace/mscartoes)
2024-10-10 19:41:27.375  INFO 178626 --- [restartedMain] i.g.c.mscartoes.MscartoesApplication     : No active profile set, falling back to 1 default profile: "default"
2024-10-10 19:41:27.441  INFO 178626 --- [restartedMain] .e.DevToolsPropertyDefaultsPostProcessor : Devtools property defaults active! Set 'spring.devtools.add-properties' to 'false' to disable
2024-10-10 19:41:27.441  INFO 178626 --- [restartedMain] .e.DevToolsPropertyDefaultsPostProcessor : For additional web related logging consider setting the 'logging.level.web' property to 'DEBUG'
2024-10-10 19:41:28.728  INFO 178626 --- [restartedMain] .s.d.r.c.RepositoryConfigurationDelegate : Bootstrapping Spring Data JPA repositories in DEFAULT mode.
2024-10-10 19:41:28.848  INFO 178626 --- [restartedMain] .s.d.r.c.RepositoryConfigurationDelegate : Finished Spring Data repository scanning in 112 ms. Found 2 JPA repository interfaces.
2024-10-10 19:41:29.201  INFO 178626 --- [restartedMain] o.s.cloud.context.scope.GenericScope     : BeanFactory id=64af3bae-9610-33e2-ab26-b07d3fa63bb0
2024-10-10 19:41:29.982  INFO 178626 --- [restartedMain] o.s.b.w.embedded.tomcat.TomcatWebServer  : Tomcat initialized with port(s): 0 (http)
2024-10-10 19:41:29.992  INFO 178626 --- [restartedMain] o.apache.catalina.core.StandardService   : Starting service [Tomcat]
2024-10-10 19:41:29.992  INFO 178626 --- [restartedMain] org.apache.catalina.core.StandardEngine  : Starting Servlet engine: [Apache Tomcat/9.0.63]
2024-10-10 19:41:30.058  INFO 178626 --- [restartedMain] o.a.c.c.C.[Tomcat].[localhost].[/]       : Initializing Spring embedded WebApplicationContext
2024-10-10 19:41:30.058  INFO 178626 --- [restartedMain] w.s.c.ServletWebServerApplicationContext : Root WebApplicationContext: initialization completed in 2616 ms
2024-10-10 19:41:30.136 ERROR 178626 --- [restartedMain] o.s.b.web.embedded.tomcat.TomcatStarter  : Error starting Tomcat context. Exception: org.springframework.beans.factory.UnsatisfiedDependencyException. Message: Error creating bean with name 'webMvcMetricsFilter' defined in class path resource [org/springframework/boot/actuate/autoconfigure/metrics/web/servlet/WebMvcMetricsAutoConfiguration.class]: Unsatisfied dependency expressed through method 'webMvcMetricsFilter' parameter 0; nested exception is org.springframework.beans.factory.BeanCreationException: Error creating bean with name 'simpleMeterRegistry' defined in class path resource [org/springframework/boot/actuate/autoconfigure/metrics/export/simple/SimpleMetricsExportAutoConfiguration.class]: Initialization of bean failed; nested exception is org.springframework.beans.factory.UnsatisfiedDependencyException: Error creating bean with name 'dataSourcePoolMetadataMeterBinder' defined in class path resource [org/springframework/boot/actuate/autoconfigure/metrics/jdbc/DataSourcePoolMetricsAutoConfiguration$DataSourcePoolMetadataMetricsConfiguration.class]: Unsatisfied dependency expressed through method 'dataSourcePoolMetadataMeterBinder' parameter 0; nested exception is org.springframework.beans.factory.BeanCreationException: Error creating bean with name 'dataSource' defined in class path resource [org/springframework/boot/autoconfigure/jdbc/DataSourceConfiguration$Hikari.class]: Bean instantiation via factory method failed; nested exception is org.springframework.beans.BeanInstantiationException: Failed to instantiate [com.zaxxer.hikari.HikariDataSource]: Factory method 'dataSource' threw exception; nested exception is org.springframework.boot.autoconfigure.jdbc.DataSourceProperties$DataSourceBeanCreationException: Failed to determine a suitable driver class
2024-10-10 19:41:30.154  INFO 178626 --- [restartedMain] o.apache.catalina.core.StandardService   : Stopping service [Tomcat]
2024-10-10 19:41:30.160  WARN 178626 --- [restartedMain] ConfigServletWebServerApplicationContext : Exception encountered during context initialization - cancelling refresh attempt: org.springframework.context.ApplicationContextException: Unable to start web server; nested exception is org.springframework.boot.web.server.WebServerException: Unable to start embedded Tomcat
2024-10-10 19:41:30.189  INFO 178626 --- [restartedMain] ConditionEvaluationReportLoggingListener : 

Error starting ApplicationContext. To display the conditions report re-run your application with 'debug' enabled.
2024-10-10 19:41:30.218 ERROR 178626 --- [restartedMain] o.s.b.d.LoggingFailureAnalysisReporter   : 

***************************
APPLICATION FAILED TO START
***************************

Description:

Failed to configure a DataSource: 'url' attribute is not specified and no embedded datasource could be configured.

Reason: Failed to determine a suitable driver class


Action:

Consider the following:
	If you want an embedded database (H2, HSQL or Derby), please put it on the classpath.
	If you have database settings to be loaded from a particular profile you may need to activate it (no profiles are currently active).

